<?xml version="1.0" encoding="UTF-8"?>
<testsuite name="com.example.single.SingleApplicationTests" tests="1" skipped="0" failures="0" errors="0" timestamp="2023-02-17T03:32:15" hostname="DESKTOP-L9C4IU2" time="0.718">
  <properties/>
  <testcase name="contextLoads()" classname="com.example.single.SingleApplicationTests" time="0.718"/>
  <system-out><![CDATA[12:32:12.883 [Test worker] DEBUG org.springframework.boot.test.context.SpringBootTestContextBootstrapper - Neither @ContextConfiguration nor @ContextHierarchy found for test class [SingleApplicationTests]: using SpringBootContextLoader
12:32:12.893 [Test worker] DEBUG org.springframework.test.context.support.AbstractContextLoader - Could not detect default resource locations for test class [com.example.single.SingleApplicationTests]: no resource found for suffixes {-context.xml, Context.groovy}.
12:32:12.894 [Test worker] INFO org.springframework.test.context.support.AnnotationConfigContextLoaderUtils - Could not detect default configuration classes for test class [com.example.single.SingleApplicationTests]: SingleApplicationTests does not declare any static, non-private, non-final, nested classes annotated with @Configuration.
12:32:12.928 [Test worker] DEBUG org.springframework.boot.test.context.SpringBootTestContextBootstrapper - Using ContextCustomizers for test class [SingleApplicationTests]: [DisableObservabilityContextCustomizer, PropertyMappingContextCustomizer, Customizer, ExcludeFilterContextCustomizer, DuplicateJsonObjectContextCustomizer, MockitoContextCustomizer, TestRestTemplateContextCustomizer]
12:32:13.021 [Test worker] DEBUG org.springframework.context.annotation.ClassPathScanningCandidateComponentProvider - Identified candidate component class: file [D:\src\intelliJ\docker\docker-single\build\classes\java\main\com\example\single\SingleApplication.class]
12:32:13.024 [Test worker] INFO org.springframework.boot.test.context.SpringBootTestContextBootstrapper - Found @SpringBootConfiguration com.example.single.SingleApplication for test class com.example.single.SingleApplicationTests
12:32:13.169 [Test worker] DEBUG org.springframework.test.context.util.TestContextSpringFactoriesUtils - Skipping candidate TestExecutionListener [org.springframework.test.context.transaction.TransactionalTestExecutionListener] due to a missing dependency. Specify custom TestExecutionListener classes or make the default TestExecutionListener classes and their required dependencies available. Offending class: [org/springframework/transaction/interceptor/TransactionAttributeSource]
12:32:13.172 [Test worker] DEBUG org.springframework.test.context.util.TestContextSpringFactoriesUtils - Skipping candidate TestExecutionListener [org.springframework.test.context.jdbc.SqlScriptsTestExecutionListener] due to a missing dependency. Specify custom TestExecutionListener classes or make the default TestExecutionListener classes and their required dependencies available. Offending class: [org/springframework/transaction/interceptor/TransactionAttribute]
12:32:13.176 [Test worker] DEBUG org.springframework.boot.test.context.SpringBootTestContextBootstrapper - Using TestExecutionListeners for test class [SingleApplicationTests]: [ServletTestExecutionListener, DirtiesContextBeforeModesTestExecutionListener, ApplicationEventsTestExecutionListener, MockitoTestExecutionListener, DependencyInjectionTestExecutionListener, DirtiesContextTestExecutionListener, EventPublishingTestExecutionListener, RestDocsTestExecutionListener, MockRestServiceServerResetTestExecutionListener, MockMvcPrintOnlyOnFailureTestExecutionListener, WebDriverTestExecutionListener, MockWebServiceServerTestExecutionListener, ResetMocksTestExecutionListener]
12:32:13.179 [Test worker] DEBUG org.springframework.test.context.support.AbstractDirtiesContextTestExecutionListener - Before test class: class [SingleApplicationTests], class annotated with @DirtiesContext [false] with mode [null]

  .   ____          _            __ _ _
 /\\ / ___'_ __ _ _(_)_ __  __ _ \ \ \ \
( ( )\___ | '_ | '_| | '_ \/ _` | \ \ \ \
 \\/  ___)| |_)| | | | | || (_| |  ) ) ) )
  '  |____| .__|_| |_|_| |_\__, | / / / /
 =========|_|==============|___/=/_/_/_/
 :: Spring Boot ::                (v3.0.2)

2023-02-17T12:32:13.650+09:00  INFO 15272 --- [    Test worker] c.example.single.SingleApplicationTests  : Starting SingleApplicationTests using Java 17.0.5 with PID 15272 (started by SEC in D:\src\intelliJ\docker\docker-single)
2023-02-17T12:32:13.652+09:00  INFO 15272 --- [    Test worker] c.example.single.SingleApplicationTests  : No active profile set, falling back to 1 default profile: "default"
2023-02-17T12:32:15.273+09:00  INFO 15272 --- [    Test worker] c.example.single.SingleApplicationTests  : Started SingleApplicationTests in 1.957 seconds (process running for 4.58)
]]></system-out>
  <system-err><![CDATA[]]></system-err>
</testsuite>
